<?xml version="1.0" encoding="UTF-8"?>
<testsuite xmlns:xsi="http://www.w3.org/2001/XMLSchema-instance" xsi:noNamespaceSchemaLocation="https://maven.apache.org/surefire/maven-surefire-plugin/xsd/surefire-test-report.xsd" name="TestSuite" time="1.784" tests="7" errors="0" skipped="5" failures="2">
  <properties>
    <property name="java.specification.version" value="16"/>
    <property name="sun.cpu.isalist" value="amd64"/>
    <property name="sun.jnu.encoding" value="GBK"/>
    <property name="java.class.path" value="D:\IDEA projects\workspace\AutoMuke\autoTest\chapter12\target\test-classes;D:\IDEA projects\workspace\AutoMuke\autoTest\chapter12\target\classes;C:\Users\LZ Yansoul\.m2\repository\org\apache\httpcomponents\httpclient\4.5.13\httpclient-4.5.13.jar;C:\Users\LZ Yansoul\.m2\repository\org\apache\httpcomponents\httpcore\4.4.15\httpcore-4.4.15.jar;C:\Users\LZ Yansoul\.m2\repository\commons-codec\commons-codec\1.15\commons-codec-1.15.jar;C:\Users\LZ Yansoul\.m2\repository\org\json\json\20220320\json-20220320.jar;C:\Users\LZ Yansoul\.m2\repository\org\mybatis\mybatis\3.5.1\mybatis-3.5.1.jar;C:\Users\LZ Yansoul\.m2\repository\mysql\mysql-connector-java\8.0.28\mysql-connector-java-8.0.28.jar;C:\Users\LZ Yansoul\.m2\repository\org\projectlombok\lombok\1.18.22\lombok-1.18.22.jar;C:\Users\LZ Yansoul\.m2\repository\com\relevantcodes\extentreports\2.41.1\extentreports-2.41.1.jar;C:\Users\LZ Yansoul\.m2\repository\org\jsoup\jsoup\1.8.3\jsoup-1.8.3.jar;C:\Users\LZ Yansoul\.m2\repository\org\xerial\sqlite-jdbc\3.34.0\sqlite-jdbc-3.34.0.jar;C:\Users\LZ Yansoul\.m2\repository\org\freemarker\freemarker\2.3.31\freemarker-2.3.31.jar;C:\Users\LZ Yansoul\.m2\repository\org\mongodb\mongodb-driver\3.0.4\mongodb-driver-3.0.4.jar;C:\Users\LZ Yansoul\.m2\repository\org\mongodb\bson\4.2.3\bson-4.2.3.jar;C:\Users\LZ Yansoul\.m2\repository\org\mongodb\mongodb-driver-core\4.2.3\mongodb-driver-core-4.2.3.jar;C:\Users\LZ Yansoul\.m2\repository\com\vimalselvam\testng-extentsreport\1.3.1\testng-extentsreport-1.3.1.jar;C:\Users\LZ Yansoul\.m2\repository\com\google\guava\guava\20.0\guava-20.0.jar;C:\Users\LZ Yansoul\.m2\repository\com\aventstack\extentreports\3.0.6\extentreports-3.0.6.jar;C:\Users\LZ Yansoul\.m2\repository\org\apache\httpcomponents\httpmime\4.5.13\httpmime-4.5.13.jar;C:\Users\LZ Yansoul\.m2\repository\org\testng\testng\6.10\testng-6.10.jar;C:\Users\LZ Yansoul\.m2\repository\com\beust\jcommander\1.48\jcommander-1.48.jar;C:\Users\LZ Yansoul\.m2\repository\commons-logging\commons-logging\1.2\commons-logging-1.2.jar;"/>
    <property name="java.vm.vendor" value="Oracle Corporation"/>
    <property name="sun.arch.data.model" value="64"/>
    <property name="user.variant" value=""/>
    <property name="java.vendor.url" value="https://java.oracle.com/"/>
    <property name="user.timezone" value="Asia/Shanghai"/>
    <property name="os.name" value="Windows 10"/>
    <property name="java.vm.specification.version" value="16"/>
    <property name="sun.java.launcher" value="SUN_STANDARD"/>
    <property name="user.country" value="CN"/>
    <property name="sun.boot.library.path" value="C:\Program Files\Java\jdk-16.0.1\bin"/>
    <property name="sun.java.command" value="C:\Users\LZYANS~1\AppData\Local\Temp\surefire626392463100373955\surefirebooter14720531811798030186.jar C:\Users\LZ Yansoul\AppData\Local\Temp\surefire626392463100373955 2022-05-17T00-21-22_435-jvmRun1 surefire17616892462733066940tmp surefire_014853730195012485908tmp"/>
    <property name="jdk.debug" value="release"/>
    <property name="surefire.test.class.path" value="D:\IDEA projects\workspace\AutoMuke\autoTest\chapter12\target\test-classes;D:\IDEA projects\workspace\AutoMuke\autoTest\chapter12\target\classes;C:\Users\LZ Yansoul\.m2\repository\org\apache\httpcomponents\httpclient\4.5.13\httpclient-4.5.13.jar;C:\Users\LZ Yansoul\.m2\repository\org\apache\httpcomponents\httpcore\4.4.15\httpcore-4.4.15.jar;C:\Users\LZ Yansoul\.m2\repository\commons-codec\commons-codec\1.15\commons-codec-1.15.jar;C:\Users\LZ Yansoul\.m2\repository\org\json\json\20220320\json-20220320.jar;C:\Users\LZ Yansoul\.m2\repository\org\mybatis\mybatis\3.5.1\mybatis-3.5.1.jar;C:\Users\LZ Yansoul\.m2\repository\mysql\mysql-connector-java\8.0.28\mysql-connector-java-8.0.28.jar;C:\Users\LZ Yansoul\.m2\repository\org\projectlombok\lombok\1.18.22\lombok-1.18.22.jar;C:\Users\LZ Yansoul\.m2\repository\com\relevantcodes\extentreports\2.41.1\extentreports-2.41.1.jar;C:\Users\LZ Yansoul\.m2\repository\org\jsoup\jsoup\1.8.3\jsoup-1.8.3.jar;C:\Users\LZ Yansoul\.m2\repository\org\xerial\sqlite-jdbc\3.34.0\sqlite-jdbc-3.34.0.jar;C:\Users\LZ Yansoul\.m2\repository\org\freemarker\freemarker\2.3.31\freemarker-2.3.31.jar;C:\Users\LZ Yansoul\.m2\repository\org\mongodb\mongodb-driver\3.0.4\mongodb-driver-3.0.4.jar;C:\Users\LZ Yansoul\.m2\repository\org\mongodb\bson\4.2.3\bson-4.2.3.jar;C:\Users\LZ Yansoul\.m2\repository\org\mongodb\mongodb-driver-core\4.2.3\mongodb-driver-core-4.2.3.jar;C:\Users\LZ Yansoul\.m2\repository\com\vimalselvam\testng-extentsreport\1.3.1\testng-extentsreport-1.3.1.jar;C:\Users\LZ Yansoul\.m2\repository\com\google\guava\guava\20.0\guava-20.0.jar;C:\Users\LZ Yansoul\.m2\repository\com\aventstack\extentreports\3.0.6\extentreports-3.0.6.jar;C:\Users\LZ Yansoul\.m2\repository\org\apache\httpcomponents\httpmime\4.5.13\httpmime-4.5.13.jar;C:\Users\LZ Yansoul\.m2\repository\org\testng\testng\6.10\testng-6.10.jar;C:\Users\LZ Yansoul\.m2\repository\com\beust\jcommander\1.48\jcommander-1.48.jar;C:\Users\LZ Yansoul\.m2\repository\commons-logging\commons-logging\1.2\commons-logging-1.2.jar;"/>
    <property name="sun.cpu.endian" value="little"/>
    <property name="user.home" value="C:\Users\LZ Yansoul"/>
    <property name="user.language" value="zh"/>
    <property name="java.specification.vendor" value="Oracle Corporation"/>
    <property name="java.version.date" value="2021-04-20"/>
    <property name="java.home" value="C:\Program Files\Java\jdk-16.0.1"/>
    <property name="file.separator" value="\"/>
    <property name="basedir" value="D:\IDEA projects\workspace\AutoMuke\autoTest\chapter12"/>
    <property name="java.vm.compressedOopsMode" value="Zero based"/>
    <property name="line.separator" value="&#10;"/>
    <property name="java.vm.specification.vendor" value="Oracle Corporation"/>
    <property name="java.specification.name" value="Java Platform API Specification"/>
    <property name="surefire.real.class.path" value="C:\Users\LZYANS~1\AppData\Local\Temp\surefire626392463100373955\surefirebooter14720531811798030186.jar"/>
    <property name="user.script" value=""/>
    <property name="sun.management.compiler" value="HotSpot 64-Bit Tiered Compilers"/>
    <property name="java.runtime.version" value="16.0.1+9-24"/>
    <property name="user.name" value="LZ Yansoul"/>
    <property name="path.separator" value=";"/>
    <property name="os.version" value="10.0"/>
    <property name="java.runtime.name" value="Java(TM) SE Runtime Environment"/>
    <property name="file.encoding" value="GBK"/>
    <property name="java.vm.name" value="Java HotSpot(TM) 64-Bit Server VM"/>
    <property name="localRepository" value="C:\Users\LZ Yansoul\.m2\repository"/>
    <property name="java.vendor.url.bug" value="https://bugreport.java.com/bugreport/"/>
    <property name="java.io.tmpdir" value="C:\Users\LZYANS~1\AppData\Local\Temp\"/>
    <property name="java.version" value="16.0.1"/>
    <property name="user.dir" value="D:\IDEA projects\workspace\AutoMuke\autoTest\chapter12"/>
    <property name="os.arch" value="amd64"/>
    <property name="java.vm.specification.name" value="Java Virtual Machine Specification"/>
    <property name="sun.os.patch.level" value=""/>
    <property name="java.library.path" value="C:\Program Files\Java\jdk-16.0.1\bin;C:\WINDOWS\Sun\Java\bin;C:\WINDOWS\system32;C:\WINDOWS;C:\Python310-32\Scripts\;C:\Python310-32\;C:\Program Files\Common Files\Oracle\Java\javapath;C:\Windows\system32;C:\Windows;C:\Windows\System32\Wbem;C:\Windows\System32\WindowsPowerShell\v1.0\;C:\Windows\System32\OpenSSH\;C:\Program Files (x86)\NVIDIA Corporation\PhysX\Common;C:\Program Files\NVIDIA Corporation\NVIDIA NvDLISR;D:\Program Files (x86)\Matlab R2020a\runtime\win64;D:\Program Files (x86)\Matlab R2020a\bin;D:\Program Files (x86)\Matlab R2020a\polyspace\bin;C:\WINDOWS\system32;C:\WINDOWS;C:\WINDOWS\System32\Wbem;C:\WINDOWS\System32\WindowsPowerShell\v1.0\;C:\WINDOWS\System32\OpenSSH\;C:\Program Files\Java\jdk-16.0.1\bin;D:\MySQL\mysql\mysql\mysql-5.7.32-winx64\mysql-5.7.32-winx64\bin;C:\Program Files\dotnet\;D:\Program Files (x86)\NetSarang\Xshell 7\;D:\Program Files (x86)\NetSarang\Xftp 7\;D:\Program Files (x86)\Git\cmd;D:\nodejs\;D:\Anaconda3;D:\Anaconda3\Scripts;D:\Anaconda3\Library\mingw-w64\bin D:\Anaconda\Library\usr\bin;D:\Anaconda3\Library\bin;D:\Program Files\MySQL\MySQL Server 5.7\bin;D:\ideaMaven\apache-maven-3.8.4\bin;D:\ideaMaven\mvnd-0.7.1-darwin-amd64\bin;D:\Program Files\apache-jmeter-5.4.3\bin;D:\Drivers;&quot;D:\Program Files\apache-tomcat-10.0.20-windows-x64\apache-tomcat-10.0.20\lib;D:\Program Files\apache-tomcat-10.0.20-windows-x64\apache-tomcat-10.0.20\bin&quot;;C:\Users\LZ Yansoul\AppData\Local\Microsoft\WindowsApps;C:\Program Files\Bandizip\;C:\Users\LZ Yansoul\.dotnet\tools;D:\nodejs\node_global;D:\nodejs\node_module\bin\;C:\Users\LZ Yansoul\AppData\Roaming\npm;;D:\Programs\Fiddler;."/>
    <property name="java.vm.info" value="mixed mode, sharing"/>
    <property name="java.vendor" value="Oracle Corporation"/>
    <property name="java.vm.version" value="16.0.1+9-24"/>
    <property name="sun.io.unicode.encoding" value="UnicodeLittle"/>
    <property name="java.class.version" value="60.0"/>
  </properties>
  <testcase name="loginTrue" classname="com.course.cases.LoginTest" time="0.509">
    <failure message="Connect to localhost:8888 [localhost/127.0.0.1, localhost/0:0:0:0:0:0:0:1] failed: Connection refused: connect" type="org.apache.http.conn.HttpHostConnectException">org.apache.http.conn.HttpHostConnectException: Connect to localhost:8888 [localhost/127.0.0.1, localhost/0:0:0:0:0:0:0:1] failed: Connection refused: connect
	at com.course.cases.LoginTest.getResult(LoginTest.java:77)
	at com.course.cases.LoginTest.loginTrue(LoginTest.java:48)
Caused by: java.net.ConnectException: Connection refused: connect
	at com.course.cases.LoginTest.getResult(LoginTest.java:77)
	at com.course.cases.LoginTest.loginTrue(LoginTest.java:48)
</failure>
    <system-out><![CDATA[[TestNGContentHandler] [WARN] It is strongly recommended to add "<!DOCTYPE suite SYSTEM "http://testng.org/testng-1.0.dtd" >" at the top of your file, otherwise TestNG may fail or not work as expected.
LoginCase(id=1, userName=zhangsan, password=123456, expected=true)
http://localhost:8888/v1/login
]]></system-out>
    <system-err><![CDATA[Loading class `com.mysql.jdbc.Driver'. This is deprecated. The new driver class is `com.mysql.cj.jdbc.Driver'. The driver is automatically registered via the SPI and manual loading of the driver class is generally unnecessary.
]]></system-err>
  </testcase>
  <testcase name="loginFalse" classname="com.course.cases.LoginTest" time="0.059">
    <failure message="Connect to localhost:8888 [localhost/127.0.0.1, localhost/0:0:0:0:0:0:0:1] failed: Connection refused: connect" type="org.apache.http.conn.HttpHostConnectException">org.apache.http.conn.HttpHostConnectException: Connect to localhost:8888 [localhost/127.0.0.1, localhost/0:0:0:0:0:0:0:1] failed: Connection refused: connect
	at com.course.cases.LoginTest.getResult(LoginTest.java:77)
	at com.course.cases.LoginTest.loginFalse(LoginTest.java:61)
Caused by: java.net.ConnectException: Connection refused: connect
	at com.course.cases.LoginTest.getResult(LoginTest.java:77)
	at com.course.cases.LoginTest.loginFalse(LoginTest.java:61)
</failure>
    <system-out><![CDATA[LoginCase(id=2, userName=zhangsanerror, password=123, expected=false)
http://localhost:8888/v1/login
]]></system-out>
  </testcase>
  <testcase name="addUser" classname="com.course.cases.AddUserTest" time="0">
    <skipped message="Method AddUserTest.addUser()[pri:0, instance:com.course.cases.AddUserTest@314c508a] depends on not successfully finished methods in group &quot;loginTrue&quot;"/>
  </testcase>
  <testcase name="getUserInfo" classname="com.course.cases.GetUserInfoTest" time="0">
    <skipped message="Method GetUserInfoTest.getUserInfo()[pri:0, instance:com.course.cases.GetUserInfoTest@16267862] depends on not successfully finished methods in group &quot;loginTrue&quot;"/>
  </testcase>
  <testcase name="getUserList" classname="com.course.cases.GetUserListTest" time="0">
    <skipped message="Method GetUserListTest.getUserList()[pri:0, instance:com.course.cases.GetUserListTest@453da22c] depends on not successfully finished methods in group &quot;loginTrue&quot;"/>
  </testcase>
  <testcase name="deleteUser" classname="com.course.cases.UpdateUserInfoTest" time="0">
    <skipped message="Method UpdateUserInfoTest.deleteUser()[pri:0, instance:com.course.cases.UpdateUserInfoTest@71248c21] depends on not successfully finished methods in group &quot;loginTrue&quot;"/>
  </testcase>
  <testcase name="updateUserInfo" classname="com.course.cases.UpdateUserInfoTest" time="0">
    <skipped message="Method UpdateUserInfoTest.updateUserInfo()[pri:0, instance:com.course.cases.UpdateUserInfoTest@71248c21] depends on not successfully finished methods in group &quot;loginTrue&quot;"/>
  </testcase>
</testsuite>